Removed Pin From Net: NetName=GND Pin=R36-2
Removed Pin From Net: NetName=GND Pin=R37-2
Removed Member From Class: ClassName=RoBeast_Driver Member=R36
Removed Member From Class: ClassName=RoBeast_Driver Member=R37
Added Component: Designator=R?(1206)
Add component (AddParameter): Name = "Manufacturer"; Value = "Eaton"; VariantName = "[No Variations]"
Add component (AddParameter): Name = "Manufacturer Part Number"; Value = "MFHA1206R2000FC"; VariantName = "[No Variations]"
Add component (AddParameter): Name = "Pricing 1"; Value = "1=0.41, 10=0.278, 25=0.2164, 50=0.1594, 100=0.1109, 250=0.09668, 500=0.07972, 1000=0.05766 (USD)"; VariantName = "[No Variations]"
Add component (AddParameter): Name = "RoHS"; Value = "No"; VariantName = "[No Variations]"
Add component (AddParameter): Name = "Stock 1"; Value = "10043"; VariantName = "[No Variations]"
Add component (AddParameter): Name = "Supplier 1"; Value = "Digikey"; VariantName = "[No Variations]"
Add component (AddParameter): Name = "Supplier Part Number 1"; Value = "283-MFHA1206R2000FCCT-ND"; VariantName = "[No Variations]"
Added Component: Designator=R?(1206)
Add component (AddParameter): Name = "Manufacturer"; Value = "Eaton"; VariantName = "[No Variations]"
Add component (AddParameter): Name = "Manufacturer Part Number"; Value = "MFHA1206R2000FC"; VariantName = "[No Variations]"
Add component (AddParameter): Name = "Pricing 1"; Value = "1=0.41, 10=0.278, 25=0.2164, 50=0.1594, 100=0.1109, 250=0.09668, 500=0.07972, 1000=0.05766 (USD)"; VariantName = "[No Variations]"
Add component (AddParameter): Name = "RoHS"; Value = "No"; VariantName = "[No Variations]"
Add component (AddParameter): Name = "Stock 1"; Value = "10043"; VariantName = "[No Variations]"
Add component (AddParameter): Name = "Supplier 1"; Value = "Digikey"; VariantName = "[No Variations]"
Add component (AddParameter): Name = "Supplier Part Number 1"; Value = "283-MFHA1206R2000FCCT-ND"; VariantName = "[No Variations]"
Added Pin To Net: NetName=GND Pin=R?-2
Added Pin To Net: NetName=GND Pin=R?-2
Added Pin To Net: NetName=NetR?_1 Pin=R?-1
Added Pin To Net: NetName=NetR?_1 Pin=U8-27
Added Net: Name=NetR?_1
Added Member To Class: ClassName=RoBeast_Driver Member=Component R? 200mR
Added Member To Class: ClassName=RoBeast_Driver Member=Component R? 200mR
