Change Component Footprint: Designator=J17 Old Footprint=26-01-3114 New Footprint=WM14505-ND
Change Component Footprint: Designator=J20 Old Footprint=26-01-3114 New Footprint=WM14505-ND
Change Component Footprint: Designator=J22 Old Footprint=26-01-3114 New Footprint=WM14505-ND
Change Component Footprint: Designator=J23 Old Footprint=26-01-3114 New Footprint=WM14505-ND
Change component parameters: Designator = "J17" ("J17"); Footprint = "26-01-3114"; UniqueID = "\SEUAIMAZ" ("\SEUAIMAZ")
Change component parameters (AddParameter): Name = "ComponentLink1Description"; Value = "https://datasheet.ciiva.com:443/pdfs/VipMasterIC/IC/MOLE/MOLE-S-A0006764423/MOLE-S-A0006865681-1.pdf?src-supplier=IHS+Markit"; VariantName = "[No Variations]"
Change component parameters (AddParameter): Name = "ComponentLink1URL"; Value = "https://datasheet.ciiva.com:443/pdfs/VipMasterIC/IC/MOLE/MOLE-S-A0006764423/MOLE-S-A0006865681-1.pdf?src-supplier=IHS+Markit"; VariantName = "[No Variations]"
Change component parameters (AddParameter): Name = "Connector Type"; Value = "BOARD CONNECTOR"; VariantName = "[No Variations]"
Change component parameters (AddParameter): Name = "Contact Finish - Mating"; Value = "GOLD"; VariantName = "[No Variations]"
Change component parameters (AddParameter): Name = "Contact Finish - Termination"; Value = "Matte Tin (Sn)"; VariantName = "[No Variations]"
Change component parameters (AddParameter): Name = "Contact Gender"; Value = "Male"; VariantName = "[No Variations]"
Change component parameters (AddParameter): Name = "Contact Material"; Value = "Brass"; VariantName = "[No Variations]"
Change component parameters (AddParameter): Name = "DIN Conformance"; Value = "No"; VariantName = "[No Variations]"
Change component parameters (AddParameter): Name = "Filter Feature"; Value = "No"; VariantName = "[No Variations]"
Change component parameters (AddParameter): Name = "Flammability Rating"; Value = "UL94 V-2"; VariantName = "[No Variations]"
Change component parameters (AddParameter): Name = "IEC Conformance"; Value = "No"; VariantName = "[No Variations]"
Change component parameters (AddParameter): Name = "JESD-609 Code"; Value = "e3"; VariantName = "[No Variations]"
Change component parameters (AddParameter): Name = "Manufacturer"; Value = "Molex"; VariantName = "[No Variations]"
Change component parameters (AddParameter): Name = "Manufacturer Part Number"; Value = "0026013114"; VariantName = "[No Variations]"
Change component parameters (AddParameter): Name = "Mating Information"; Value = "MULTIPLE MATING PARTS AVAILABLE"; VariantName = "[No Variations]"
Change component parameters (AddParameter): Name = "MIL Conformance"; Value = "No"; VariantName = "[No Variations]"
Change component parameters (AddParameter): Name = "Mixed Contacts"; Value = "No"; VariantName = "[No Variations]"
Change component parameters (AddParameter): Name = "Mounting Style"; Value = "RIGHT ANGLE"; VariantName = "[No Variations]"
Change component parameters (AddParameter): Name = "Mounting Technology"; Value = "Board"; VariantName = "[No Variations]"
Change component parameters (AddParameter): Name = "Number of Contacts"; Value = "2"; VariantName = "[No Variations]"
Change component parameters (AddParameter): Name = "Number of Rows Loaded"; Value = "2"; VariantName = "[No Variations]"
Change component parameters (AddParameter): Name = "Option"; Value = "General Purpose"; VariantName = "[No Variations]"
Change component parameters (AddParameter): Name = "Pricing"; Value = "1=1.12, 10=0.793, 50=0.793, 100=0.704, 1000=0.635, 10000=0.528 (USD)"; VariantName = "[No Variations]"
Change component parameters (AddParameter): Name = "Reach SVHC Compliant"; Value = "Yes"; VariantName = "[No Variations]"
Change component parameters (AddParameter): Name = "RoHS"; Value = "Yes"; VariantName = "[No Variations]"
Change component parameters (AddParameter): Name = "RoHS Compliant"; Value = "Yes"; VariantName = "[No Variations]"
Change component parameters (AddParameter): Name = "Stock"; Value = "22788"; VariantName = "[No Variations]"
Change component parameters (AddParameter): Name = "Supplier"; Value = "Mouser"; VariantName = "[No Variations]"
Change component parameters (AddParameter): Name = "Supplier 1"; Value = "Digikey"; VariantName = "[No Variations]"
Change component parameters (AddParameter): Name = "Supplier Part Number"; Value = "538-26-01-3114"; VariantName = "[No Variations]"
Change component parameters (AddParameter): Name = "Supplier Part Number 1"; Value = "WM14505-ND"; VariantName = "[No Variations]"
Change component parameters (AddParameter): Name = "Termination"; Value = "Solder"; VariantName = "[No Variations]"
Change component parameters: Designator = "J20" ("J20"); Footprint = "26-01-3114"; UniqueID = "\IQAJRZSF" ("\IQAJRZSF")
Change component parameters (AddParameter): Name = "ComponentLink1Description"; Value = "https://datasheet.ciiva.com:443/pdfs/VipMasterIC/IC/MOLE/MOLE-S-A0006764423/MOLE-S-A0006865681-1.pdf?src-supplier=IHS+Markit"; VariantName = "[No Variations]"
Change component parameters (AddParameter): Name = "ComponentLink1URL"; Value = "https://datasheet.ciiva.com:443/pdfs/VipMasterIC/IC/MOLE/MOLE-S-A0006764423/MOLE-S-A0006865681-1.pdf?src-supplier=IHS+Markit"; VariantName = "[No Variations]"
Change component parameters (AddParameter): Name = "Connector Type"; Value = "BOARD CONNECTOR"; VariantName = "[No Variations]"
Change component parameters (AddParameter): Name = "Contact Finish - Mating"; Value = "GOLD"; VariantName = "[No Variations]"
Change component parameters (AddParameter): Name = "Contact Finish - Termination"; Value = "Matte Tin (Sn)"; VariantName = "[No Variations]"
Change component parameters (AddParameter): Name = "Contact Gender"; Value = "Male"; VariantName = "[No Variations]"
Change component parameters (AddParameter): Name = "Contact Material"; Value = "Brass"; VariantName = "[No Variations]"
Change component parameters (AddParameter): Name = "DIN Conformance"; Value = "No"; VariantName = "[No Variations]"
Change component parameters (AddParameter): Name = "Filter Feature"; Value = "No"; VariantName = "[No Variations]"
Change component parameters (AddParameter): Name = "Flammability Rating"; Value = "UL94 V-2"; VariantName = "[No Variations]"
Change component parameters (AddParameter): Name = "IEC Conformance"; Value = "No"; VariantName = "[No Variations]"
Change component parameters (AddParameter): Name = "JESD-609 Code"; Value = "e3"; VariantName = "[No Variations]"
Change component parameters (AddParameter): Name = "Manufacturer"; Value = "Molex"; VariantName = "[No Variations]"
Change component parameters (AddParameter): Name = "Manufacturer Part Number"; Value = "0026013114"; VariantName = "[No Variations]"
Change component parameters (AddParameter): Name = "Mating Information"; Value = "MULTIPLE MATING PARTS AVAILABLE"; VariantName = "[No Variations]"
Change component parameters (AddParameter): Name = "MIL Conformance"; Value = "No"; VariantName = "[No Variations]"
Change component parameters (AddParameter): Name = "Mixed Contacts"; Value = "No"; VariantName = "[No Variations]"
Change component parameters (AddParameter): Name = "Mounting Style"; Value = "RIGHT ANGLE"; VariantName = "[No Variations]"
Change component parameters (AddParameter): Name = "Mounting Technology"; Value = "Board"; VariantName = "[No Variations]"
Change component parameters (AddParameter): Name = "Number of Contacts"; Value = "2"; VariantName = "[No Variations]"
Change component parameters (AddParameter): Name = "Number of Rows Loaded"; Value = "2"; VariantName = "[No Variations]"
Change component parameters (AddParameter): Name = "Option"; Value = "General Purpose"; VariantName = "[No Variations]"
Change component parameters (AddParameter): Name = "Pricing"; Value = "1=1.12, 10=0.793, 50=0.793, 100=0.704, 1000=0.635, 10000=0.528 (USD)"; VariantName = "[No Variations]"
Change component parameters (AddParameter): Name = "Reach SVHC Compliant"; Value = "Yes"; VariantName = "[No Variations]"
Change component parameters (AddParameter): Name = "RoHS"; Value = "Yes"; VariantName = "[No Variations]"
Change component parameters (AddParameter): Name = "RoHS Compliant"; Value = "Yes"; VariantName = "[No Variations]"
Change component parameters (AddParameter): Name = "Stock"; Value = "22788"; VariantName = "[No Variations]"
Change component parameters (AddParameter): Name = "Supplier"; Value = "Mouser"; VariantName = "[No Variations]"
Change component parameters (AddParameter): Name = "Supplier 1"; Value = "Digikey"; VariantName = "[No Variations]"
Change component parameters (AddParameter): Name = "Supplier Part Number"; Value = "538-26-01-3114"; VariantName = "[No Variations]"
Change component parameters (AddParameter): Name = "Supplier Part Number 1"; Value = "WM14505-ND"; VariantName = "[No Variations]"
Change component parameters (AddParameter): Name = "Termination"; Value = "Solder"; VariantName = "[No Variations]"
Change component parameters: Designator = "J22" ("J22"); Footprint = "26-01-3114"; UniqueID = "\ZVZLICTR" ("\ZVZLICTR")
Change component parameters (AddParameter): Name = "ComponentLink1Description"; Value = "https://datasheet.ciiva.com:443/pdfs/VipMasterIC/IC/MOLE/MOLE-S-A0006764423/MOLE-S-A0006865681-1.pdf?src-supplier=IHS+Markit"; VariantName = "[No Variations]"
Change component parameters (AddParameter): Name = "ComponentLink1URL"; Value = "https://datasheet.ciiva.com:443/pdfs/VipMasterIC/IC/MOLE/MOLE-S-A0006764423/MOLE-S-A0006865681-1.pdf?src-supplier=IHS+Markit"; VariantName = "[No Variations]"
Change component parameters (AddParameter): Name = "Connector Type"; Value = "BOARD CONNECTOR"; VariantName = "[No Variations]"
Change component parameters (AddParameter): Name = "Contact Finish - Mating"; Value = "GOLD"; VariantName = "[No Variations]"
Change component parameters (AddParameter): Name = "Contact Finish - Termination"; Value = "Matte Tin (Sn)"; VariantName = "[No Variations]"
Change component parameters (AddParameter): Name = "Contact Gender"; Value = "Male"; VariantName = "[No Variations]"
Change component parameters (AddParameter): Name = "Contact Material"; Value = "Brass"; VariantName = "[No Variations]"
Change component parameters (AddParameter): Name = "DIN Conformance"; Value = "No"; VariantName = "[No Variations]"
Change component parameters (AddParameter): Name = "Filter Feature"; Value = "No"; VariantName = "[No Variations]"
Change component parameters (AddParameter): Name = "Flammability Rating"; Value = "UL94 V-2"; VariantName = "[No Variations]"
Change component parameters (AddParameter): Name = "IEC Conformance"; Value = "No"; VariantName = "[No Variations]"
Change component parameters (AddParameter): Name = "JESD-609 Code"; Value = "e3"; VariantName = "[No Variations]"
Change component parameters (AddParameter): Name = "Manufacturer"; Value = "Molex"; VariantName = "[No Variations]"
Change component parameters (AddParameter): Name = "Manufacturer Part Number"; Value = "0026013114"; VariantName = "[No Variations]"
Change component parameters (AddParameter): Name = "Mating Information"; Value = "MULTIPLE MATING PARTS AVAILABLE"; VariantName = "[No Variations]"
Change component parameters (AddParameter): Name = "MIL Conformance"; Value = "No"; VariantName = "[No Variations]"
Change component parameters (AddParameter): Name = "Mixed Contacts"; Value = "No"; VariantName = "[No Variations]"
Change component parameters (AddParameter): Name = "Mounting Style"; Value = "RIGHT ANGLE"; VariantName = "[No Variations]"
Change component parameters (AddParameter): Name = "Mounting Technology"; Value = "Board"; VariantName = "[No Variations]"
Change component parameters (AddParameter): Name = "Number of Contacts"; Value = "2"; VariantName = "[No Variations]"
Change component parameters (AddParameter): Name = "Number of Rows Loaded"; Value = "2"; VariantName = "[No Variations]"
Change component parameters (AddParameter): Name = "Option"; Value = "General Purpose"; VariantName = "[No Variations]"
Change component parameters (AddParameter): Name = "Pricing"; Value = "1=1.12, 10=0.793, 50=0.793, 100=0.704, 1000=0.635, 10000=0.528 (USD)"; VariantName = "[No Variations]"
Change component parameters (AddParameter): Name = "Reach SVHC Compliant"; Value = "Yes"; VariantName = "[No Variations]"
Change component parameters (AddParameter): Name = "RoHS"; Value = "Yes"; VariantName = "[No Variations]"
Change component parameters (AddParameter): Name = "RoHS Compliant"; Value = "Yes"; VariantName = "[No Variations]"
Change component parameters (AddParameter): Name = "Stock"; Value = "22788"; VariantName = "[No Variations]"
Change component parameters (AddParameter): Name = "Supplier"; Value = "Mouser"; VariantName = "[No Variations]"
Change component parameters (AddParameter): Name = "Supplier 1"; Value = "Digikey"; VariantName = "[No Variations]"
Change component parameters (AddParameter): Name = "Supplier Part Number"; Value = "538-26-01-3114"; VariantName = "[No Variations]"
Change component parameters (AddParameter): Name = "Supplier Part Number 1"; Value = "WM14505-ND"; VariantName = "[No Variations]"
Change component parameters (AddParameter): Name = "Termination"; Value = "Solder"; VariantName = "[No Variations]"
Change component parameters: Designator = "J23" ("J23"); Footprint = "26-01-3114"; UniqueID = "\POKGISRG" ("\POKGISRG")
Change component parameters (AddParameter): Name = "ComponentLink1Description"; Value = "https://datasheet.ciiva.com:443/pdfs/VipMasterIC/IC/MOLE/MOLE-S-A0006764423/MOLE-S-A0006865681-1.pdf?src-supplier=IHS+Markit"; VariantName = "[No Variations]"
Change component parameters (AddParameter): Name = "ComponentLink1URL"; Value = "https://datasheet.ciiva.com:443/pdfs/VipMasterIC/IC/MOLE/MOLE-S-A0006764423/MOLE-S-A0006865681-1.pdf?src-supplier=IHS+Markit"; VariantName = "[No Variations]"
Change component parameters (AddParameter): Name = "Connector Type"; Value = "BOARD CONNECTOR"; VariantName = "[No Variations]"
Change component parameters (AddParameter): Name = "Contact Finish - Mating"; Value = "GOLD"; VariantName = "[No Variations]"
Change component parameters (AddParameter): Name = "Contact Finish - Termination"; Value = "Matte Tin (Sn)"; VariantName = "[No Variations]"
Change component parameters (AddParameter): Name = "Contact Gender"; Value = "Male"; VariantName = "[No Variations]"
Change component parameters (AddParameter): Name = "Contact Material"; Value = "Brass"; VariantName = "[No Variations]"
Change component parameters (AddParameter): Name = "DIN Conformance"; Value = "No"; VariantName = "[No Variations]"
Change component parameters (AddParameter): Name = "Filter Feature"; Value = "No"; VariantName = "[No Variations]"
Change component parameters (AddParameter): Name = "Flammability Rating"; Value = "UL94 V-2"; VariantName = "[No Variations]"
Change component parameters (AddParameter): Name = "IEC Conformance"; Value = "No"; VariantName = "[No Variations]"
Change component parameters (AddParameter): Name = "JESD-609 Code"; Value = "e3"; VariantName = "[No Variations]"
Change component parameters (AddParameter): Name = "Manufacturer"; Value = "Molex"; VariantName = "[No Variations]"
Change component parameters (AddParameter): Name = "Manufacturer Part Number"; Value = "0026013114"; VariantName = "[No Variations]"
Change component parameters (AddParameter): Name = "Mating Information"; Value = "MULTIPLE MATING PARTS AVAILABLE"; VariantName = "[No Variations]"
Change component parameters (AddParameter): Name = "MIL Conformance"; Value = "No"; VariantName = "[No Variations]"
Change component parameters (AddParameter): Name = "Mixed Contacts"; Value = "No"; VariantName = "[No Variations]"
Change component parameters (AddParameter): Name = "Mounting Style"; Value = "RIGHT ANGLE"; VariantName = "[No Variations]"
Change component parameters (AddParameter): Name = "Mounting Technology"; Value = "Board"; VariantName = "[No Variations]"
Change component parameters (AddParameter): Name = "Number of Contacts"; Value = "2"; VariantName = "[No Variations]"
Change component parameters (AddParameter): Name = "Number of Rows Loaded"; Value = "2"; VariantName = "[No Variations]"
Change component parameters (AddParameter): Name = "Option"; Value = "General Purpose"; VariantName = "[No Variations]"
Change component parameters (AddParameter): Name = "Pricing"; Value = "1=1.12, 10=0.793, 50=0.793, 100=0.704, 1000=0.635, 10000=0.528 (USD)"; VariantName = "[No Variations]"
Change component parameters (AddParameter): Name = "Reach SVHC Compliant"; Value = "Yes"; VariantName = "[No Variations]"
Change component parameters (AddParameter): Name = "RoHS"; Value = "Yes"; VariantName = "[No Variations]"
Change component parameters (AddParameter): Name = "RoHS Compliant"; Value = "Yes"; VariantName = "[No Variations]"
Change component parameters (AddParameter): Name = "Stock"; Value = "22788"; VariantName = "[No Variations]"
Change component parameters (AddParameter): Name = "Supplier"; Value = "Mouser"; VariantName = "[No Variations]"
Change component parameters (AddParameter): Name = "Supplier 1"; Value = "Digikey"; VariantName = "[No Variations]"
Change component parameters (AddParameter): Name = "Supplier Part Number"; Value = "538-26-01-3114"; VariantName = "[No Variations]"
Change component parameters (AddParameter): Name = "Supplier Part Number 1"; Value = "WM14505-ND"; VariantName = "[No Variations]"
Change component parameters (AddParameter): Name = "Termination"; Value = "Solder"; VariantName = "[No Variations]"
