Removed Pin From Net: NetName=rSTEPPER_1A Pin=NP1-2
Removed Pin From Net: NetName=rSTEPPER_1B Pin=NP2-2
Removed Pin From Net: NetName=rSTEPPER_2A Pin=NP3-2
Removed Pin From Net: NetName=rSTEPPER_2B Pin=NP4-2
Removed Pin From Net: NetName=eSTEPPER_1A Pin=NP5-2
Removed Pin From Net: NetName=eSTEPPER_1B Pin=NP6-2
Removed Pin From Net: NetName=eSTEPPER_2A Pin=NP7-2
Removed Pin From Net: NetName=eSTEPPER_2B Pin=NP8-2
Removed Pin From Net: NetName=NetJ1_3 Pin=TP10-1
Removed Pin From Net: NetName=NetJ1_4 Pin=TP11-1
Added Pin To Net: NetName=NetJ1_1 Pin=NP1-2
Added Pin To Net: NetName=NetJ1_2 Pin=NP2-2
Added Pin To Net: NetName=NetJ1_3 Pin=NP3-2
Added Pin To Net: NetName=NetJ1_4 Pin=NP4-2
Added Pin To Net: NetName=NetJ6_1 Pin=NP5-2
Added Pin To Net: NetName=NetJ6_2 Pin=NP6-2
Added Pin To Net: NetName=NetJ6_3 Pin=NP7-2
Added Pin To Net: NetName=NetJ6_4 Pin=NP8-2
Added Pin To Net: NetName=NetJ1_4 Pin=TP10-1
Added Pin To Net: NetName=NetJ1_3 Pin=TP11-1
Added Member To Class: ClassName=RoBeast_Driver Member=Component C58 1uF
Added Member To Class: ClassName=RoBeast_Driver Member=Component R45 4.7kR
